#
# There is insufficient memory for the Java Runtime Environment to continue.
# Native memory allocation (malloc) failed to allocate 32744 bytes for ChunkPool::allocate
# Possible reasons:
#   The system is out of physical RAM or swap space
#   The process is running with CompressedOops enabled, and the Java Heap may be blocking the growth of the native heap
# Possible solutions:
#   Reduce memory load on the system
#   Increase physical memory or swap space
#   Check if swap backing store is full
#   Decrease Java heap size (-Xmx/-Xms)
#   Decrease number of Java threads
#   Decrease Java thread stack sizes (-Xss)
#   Set larger code cache with -XX:ReservedCodeCacheSize=
#   JVM is running with Unscaled Compressed Oops mode in which the Java heap is
#     placed in the first 4GB address space. The Java Heap base address is the
#     maximum limit for the native heap growth. Please use -XX:HeapBaseMinAddress
#     to set the Java Heap base and to place the Java Heap above 4GB virtual address.
# This output file may be truncated or incomplete.
#
#  Out of Memory Error (allocation.cpp:272), pid=8064, tid=0x0000000000002030
#
# JRE version: OpenJDK Runtime Environment (8.0_242-b01) (build 1.8.0_242-release-1644-b01)
# Java VM: OpenJDK 64-Bit Server VM (25.242-b01 mixed mode windows-amd64 compressed oops)
# Failed to write core dump. Minidumps are not enabled by default on client versions of Windows
#

---------------  T H R E A D  ---------------

Current thread (0x00000000167d4000):  JavaThread "C2 CompilerThread0" daemon [_thread_in_native, id=8240, stack(0x0000000017e30000,0x0000000017f30000)]

Stack: [0x0000000017e30000,0x0000000017f30000]
[error occurred during error reporting (printing stack bounds), id 0xc0000005]

Native frames: (J=compiled Java code, j=interpreted, Vv=VM code, C=native code)


Current CompileTask:
C2:   3641 1476       4       java.net.URLClassLoader$1::run (5 bytes)


---------------  P R O C E S S  ---------------

Java Threads: ( => current thread )
  0x000000001a507800 JavaThread "Cache worker for file hash cache (C:\Users\Mokua\.gradle\caches\6.5\fileHashes)" [_thread_blocked, id=13092, stack(0x000000001c750000,0x000000001c850000)]
  0x000000001a50a000 JavaThread "File lock request listener" [_thread_in_native, id=7572, stack(0x000000001c650000,0x000000001c750000)]
  0x000000001a1c1000 JavaThread "Cache worker for journal cache (C:\Users\Mokua\.gradle\caches\journal-1)" [_thread_blocked, id=10784, stack(0x000000001c550000,0x000000001c650000)]
  0x000000001a197000 JavaThread "Thread-9" [_thread_blocked, id=4080, stack(0x000000001c250000,0x000000001c350000)]
  0x000000001a16d800 JavaThread "Stdin handler" [_thread_blocked, id=5484, stack(0x000000001c150000,0x000000001c250000)]
  0x000000001a16c800 JavaThread "Asynchronous log dispatcher for DefaultDaemonConnection: socket connection from /127.0.0.1:52361 to /127.0.0.1:52362" [_thread_blocked, id=9664, stack(0x000000001c050000,0x000000001c150000)]
  0x000000001a165800 JavaThread "Daemon worker" [_thread_in_vm, id=11508, stack(0x000000001bf50000,0x000000001c050000)]
  0x000000001a164000 JavaThread "Cancel handler" [_thread_blocked, id=4340, stack(0x000000001be50000,0x000000001bf50000)]
  0x000000001a134000 JavaThread "Handler for socket connection from /127.0.0.1:52361 to /127.0.0.1:52362" [_thread_in_native, id=4172, stack(0x000000001bb50000,0x000000001bc50000)]
  0x000000001a133000 JavaThread "Daemon" [_thread_blocked, id=8768, stack(0x000000001ba50000,0x000000001bb50000)]
  0x000000001a105000 JavaThread "Daemon periodic checks" [_thread_blocked, id=11308, stack(0x000000001b950000,0x000000001ba50000)]
  0x000000001a0c0000 JavaThread "Incoming local TCP Connector on port 52361" [_thread_in_native, id=11864, stack(0x000000001b710000,0x000000001b810000)]
  0x000000001a069800 JavaThread "Daemon health stats" [_thread_blocked, id=8688, stack(0x000000001b0d0000,0x000000001b1d0000)]
  0x0000000018158800 JavaThread "Service Thread" daemon [_thread_blocked, id=1804, stack(0x0000000018530000,0x0000000018630000)]
  0x00000000167e3000 JavaThread "C1 CompilerThread2" daemon [_thread_blocked, id=11776, stack(0x0000000018030000,0x0000000018130000)]
  0x00000000167dc800 JavaThread "C2 CompilerThread1" daemon [_thread_in_native, id=11452, stack(0x0000000017f30000,0x0000000018030000)]
=>0x00000000167d4000 JavaThread "C2 CompilerThread0" daemon [_thread_in_native, id=8240, stack(0x0000000017e30000,0x0000000017f30000)]
  0x00000000167d1000 JavaThread "Attach Listener" daemon [_thread_blocked, id=4884, stack(0x0000000017d30000,0x0000000017e30000)]
  0x00000000167d5800 JavaThread "Signal Dispatcher" daemon [_thread_blocked, id=7876, stack(0x0000000017c30000,0x0000000017d30000)]
  0x0000000002e5c000 JavaThread "Finalizer" daemon [_thread_blocked, id=4416, stack(0x0000000017a30000,0x0000000017b30000)]
  0x00000000167b9000 JavaThread "Reference Handler" daemon [_thread_blocked, id=6788, stack(0x0000000017930000,0x0000000017a30000)]
  0x0000000002b7d800 JavaThread "main" [_thread_blocked, id=10696, stack(0x0000000002c60000,0x0000000002d60000)]

Other Threads:
  0x0000000016796800 VMThread [stack: 0x0000000017830000,0x0000000017930000] [id=4064]
  0x000000001682e000 WatcherThread [stack: 0x0000000018630000,0x0000000018730000] [id=3540]

VM state:not at safepoint (normal execution)

VM Mutex/Monitor currently owned by a thread: None

heap address: 0x00000000a0000000, size: 1536 MB, Compressed Oops mode: 32-bit
Narrow klass base: 0x0000000000000000, Narrow klass shift: 3
Compressed class space size: 1073741824 Address: 0x0000000100000000

Heap:
 PSYoungGen      total 70656K, used 50360K [0x00000000e0000000, 0x00000000e8a00000, 0x0000000100000000)
  eden space 65536K, 69% used [0x00000000e0000000,0x00000000e2c36360,0x00000000e4000000)
  from space 5120K, 99% used [0x00000000e4000000,0x00000000e44f8020,0x00000000e4500000)
  to   space 5120K, 0% used [0x00000000e8500000,0x00000000e8500000,0x00000000e8a00000)
 ParOldGen       total 86016K, used 4136K [0x00000000a0000000, 0x00000000a5400000, 0x00000000e0000000)
  object space 86016K, 4% used [0x00000000a0000000,0x00000000a040a070,0x00000000a5400000)
 Metaspace       used 18553K, capacity 19232K, committed 19456K, reserved 1067008K
  class space    used 2543K, capacity 2748K, committed 2816K, reserved 1048576K

Card table byte_map: [0x0000000012220000,0x0000000012530000] byte_map_base: 0x0000000011d20000

Marking Bits: (ParMarkBitMap*) 0x000000005301f030
 Begin Bits: [0x0000000012b30000, 0x0000000014330000)
 End Bits:   [0x0000000014330000, 0x0000000015b30000)

Polling page: 0x0000000002ab0000

CodeCache: size=245760Kb used=5692Kb max_used=5692Kb free=240067Kb
 bounds [0x0000000002e60000, 0x0000000003400000, 0x0000000011e60000]
 total_blobs=2054 nmethods=1642 adapters=325
 compilation: enabled

Compilation events (10 events):
Event: 3.619 Thread 0x00000000167e3000 1648       3       java.lang.invoke.MethodType$ConcurrentWeakInternSet::add (66 bytes)
Event: 3.620 Thread 0x00000000167e3000 nmethod 1648 0x00000000033ed990 code [0x00000000033edbc0, 0x00000000033ee988]
Event: 3.620 Thread 0x00000000167e3000 1649       3       jdk.internal.org.objectweb.asm.MethodWriter::visitLabel (281 bytes)
Event: 3.621 Thread 0x00000000167e3000 nmethod 1649 0x00000000033eefd0 code [0x00000000033ef180, 0x00000000033ef948]
Event: 3.621 Thread 0x00000000167e3000 1650       3       jdk.internal.org.objectweb.asm.MethodWriter::noSuccessor (87 bytes)
Event: 3.621 Thread 0x00000000167e3000 nmethod 1650 0x00000000033efb90 code [0x00000000033efd20, 0x00000000033f0208]
Event: 3.624 Thread 0x00000000167e3000 1651       3       org.objectweb.asm.ByteVector::putShort (52 bytes)
Event: 3.624 Thread 0x00000000167e3000 nmethod 1651 0x00000000033f0410 code [0x00000000033f0580, 0x00000000033f07c8]
Event: 3.628 Thread 0x00000000167e3000 1652       3       sun.reflect.ConstructorAccessorImpl::<init> (5 bytes)
Event: 3.628 Thread 0x00000000167e3000 nmethod 1652 0x00000000033f0950 code [0x00000000033f0ac0, 0x00000000033f0cd0]

GC Heap History (6 events):
Event: 1.065 GC heap before
{Heap before GC invocations=1 (full 0):
 PSYoungGen      total 37888K, used 32768K [0x00000000e0000000, 0x00000000e2a00000, 0x0000000100000000)
  eden space 32768K, 100% used [0x00000000e0000000,0x00000000e2000000,0x00000000e2000000)
  from space 5120K, 0% used [0x00000000e2500000,0x00000000e2500000,0x00000000e2a00000)
  to   space 5120K, 0% used [0x00000000e2000000,0x00000000e2000000,0x00000000e2500000)
 ParOldGen       total 86016K, used 0K [0x00000000a0000000, 0x00000000a5400000, 0x00000000e0000000)
  object space 86016K, 0% used [0x00000000a0000000,0x00000000a0000000,0x00000000a5400000)
 Metaspace       used 7203K, capacity 7446K, committed 7680K, reserved 1056768K
  class space    used 890K, capacity 973K, committed 1024K, reserved 1048576K
Event: 1.074 GC heap after
Heap after GC invocations=1 (full 0):
 PSYoungGen      total 37888K, used 4346K [0x00000000e0000000, 0x00000000e4a00000, 0x0000000100000000)
  eden space 32768K, 0% used [0x00000000e0000000,0x00000000e0000000,0x00000000e2000000)
  from space 5120K, 84% used [0x00000000e2000000,0x00000000e243ea30,0x00000000e2500000)
  to   space 5120K, 0% used [0x00000000e4500000,0x00000000e4500000,0x00000000e4a00000)
 ParOldGen       total 86016K, used 8K [0x00000000a0000000, 0x00000000a5400000, 0x00000000e0000000)
  object space 86016K, 0% used [0x00000000a0000000,0x00000000a0002000,0x00000000a5400000)
 Metaspace       used 7203K, capacity 7446K, committed 7680K, reserved 1056768K
  class space    used 890K, capacity 973K, committed 1024K, reserved 1048576K
}
Event: 1.315 GC heap before
{Heap before GC invocations=2 (full 0):
 PSYoungGen      total 37888K, used 37114K [0x00000000e0000000, 0x00000000e4a00000, 0x0000000100000000)
  eden space 32768K, 100% used [0x00000000e0000000,0x00000000e2000000,0x00000000e2000000)
  from space 5120K, 84% used [0x00000000e2000000,0x00000000e243ea30,0x00000000e2500000)
  to   space 5120K, 0% used [0x00000000e4500000,0x00000000e4500000,0x00000000e4a00000)
 ParOldGen       total 86016K, used 8K [0x00000000a0000000, 0x00000000a5400000, 0x00000000e0000000)
  object space 86016K, 0% used [0x00000000a0000000,0x00000000a0002000,0x00000000a5400000)
 Metaspace       used 7447K, capacity 7658K, committed 7936K, reserved 1056768K
  class space    used 912K, capacity 981K, committed 1024K, reserved 1048576K
Event: 1.319 GC heap after
Heap after GC invocations=2 (full 0):
 PSYoungGen      total 70656K, used 3201K [0x00000000e0000000, 0x00000000e4a00000, 0x0000000100000000)
  eden space 65536K, 0% used [0x00000000e0000000,0x00000000e0000000,0x00000000e4000000)
  from space 5120K, 62% used [0x00000000e4500000,0x00000000e4820608,0x00000000e4a00000)
  to   space 5120K, 0% used [0x00000000e4000000,0x00000000e4000000,0x00000000e4500000)
 ParOldGen       total 86016K, used 16K [0x00000000a0000000, 0x00000000a5400000, 0x00000000e0000000)
  object space 86016K, 0% used [0x00000000a0000000,0x00000000a0004000,0x00000000a5400000)
 Metaspace       used 7447K, capacity 7658K, committed 7936K, reserved 1056768K
  class space    used 912K, capacity 981K, committed 1024K, reserved 1048576K
}
Event: 3.049 GC heap before
{Heap before GC invocations=3 (full 0):
 PSYoungGen      total 70656K, used 68737K [0x00000000e0000000, 0x00000000e4a00000, 0x0000000100000000)
  eden space 65536K, 100% used [0x00000000e0000000,0x00000000e4000000,0x00000000e4000000)
  from space 5120K, 62% used [0x00000000e4500000,0x00000000e4820608,0x00000000e4a00000)
  to   space 5120K, 0% used [0x00000000e4000000,0x00000000e4000000,0x00000000e4500000)
 ParOldGen       total 86016K, used 16K [0x00000000a0000000, 0x00000000a5400000, 0x00000000e0000000)
  object space 86016K, 0% used [0x00000000a0000000,0x00000000a0004000,0x00000000a5400000)
 Metaspace       used 14497K, capacity 15030K, committed 15232K, reserved 1062912K
  class space    used 1994K, capacity 2165K, committed 2176K, reserved 1048576K
Event: 3.060 GC heap after
Heap after GC invocations=3 (full 0):
 PSYoungGen      total 70656K, used 5088K [0x00000000e0000000, 0x00000000e8a00000, 0x0000000100000000)
  eden space 65536K, 0% used [0x00000000e0000000,0x00000000e0000000,0x00000000e4000000)
  from space 5120K, 99% used [0x00000000e4000000,0x00000000e44f8020,0x00000000e4500000)
  to   space 5120K, 0% used [0x00000000e8500000,0x00000000e8500000,0x00000000e8a00000)
 ParOldGen       total 86016K, used 4136K [0x00000000a0000000, 0x00000000a5400000, 0x00000000e0000000)
  object space 86016K, 4% used [0x00000000a0000000,0x00000000a040a070,0x00000000a5400000)
 Metaspace       used 14497K, capacity 15030K, committed 15232K, reserved 1062912K
  class space    used 1994K, capacity 2165K, committed 2176K, reserved 1048576K
}

Deoptimization events (10 events):
Event: 3.006 Thread 0x000000001a165800 Uncommon trap: reason=class_check action=maybe_recompile pc=0x0000000003177098 method=java.util.regex.Matcher.match(II)Z @ 86
Event: 3.006 Thread 0x000000001a165800 Uncommon trap: reason=class_check action=maybe_recompile pc=0x0000000003177098 method=java.util.regex.Matcher.match(II)Z @ 86
Event: 3.006 Thread 0x000000001a165800 Uncommon trap: reason=class_check action=maybe_recompile pc=0x000000000302978c method=java.util.regex.Matcher.match(II)Z @ 86
Event: 3.145 Thread 0x000000001a165800 Uncommon trap: reason=unstable_if action=reinterpret pc=0x000000000316e10c method=java.io.File.getName()Ljava/lang/String; @ 16
Event: 3.394 Thread 0x000000001a165800 Uncommon trap: reason=unstable_if action=reinterpret pc=0x0000000003177b30 method=java.util.LinkedHashMap.afterNodeInsertion(Z)V @ 1
Event: 3.395 Thread 0x000000001a165800 Uncommon trap: reason=unstable_if action=reinterpret pc=0x00000000030cf884 method=java.util.HashMap.getNode(ILjava/lang/Object;)Ljava/util/HashMap$Node; @ 129
Event: 3.395 Thread 0x000000001a165800 Uncommon trap: reason=bimorphic action=maybe_recompile pc=0x000000000331607c method=java.util.HashMap.putVal(ILjava/lang/Object;Ljava/lang/Object;ZZ)Ljava/lang/Object; @ 203
Event: 3.397 Thread 0x000000001a165800 Uncommon trap: reason=unstable_if action=reinterpret pc=0x00000000030c1b50 method=java.util.HashMap.getNode(ILjava/lang/Object;)Ljava/util/HashMap$Node; @ 129
Event: 3.397 Thread 0x000000001a165800 Uncommon trap: reason=bimorphic action=maybe_recompile pc=0x000000000331607c method=java.util.HashMap.putVal(ILjava/lang/Object;Ljava/lang/Object;ZZ)Ljava/lang/Object; @ 203
Event: 3.525 Thread 0x000000001a165800 Uncommon trap: reason=unstable_if action=reinterpret pc=0x000000000336e78c method=java.util.jar.Attributes$Name.isDigit(C)Z @ 3

Classes redefined (0 events):
No events

Internal exceptions (10 events):
Event: 2.705 Thread 0x000000001a134000 Exception <a 'java/lang/NoSuchMethodError': <clinit>> (0x00000000e2048b50) thrown at [C:\src\AOSP-openjdk-git\hotspot\src\share\vm\prims\jni.cpp, line 1615]
Event: 2.708 Thread 0x000000001a134000 Exception <a 'java/lang/NoSuchMethodError': <clinit>> (0x00000000e205eeb0) thrown at [C:\src\AOSP-openjdk-git\hotspot\src\share\vm\prims\jni.cpp, line 1615]
Event: 2.720 Thread 0x000000001a134000 Exception <a 'java/lang/NoSuchMethodError': <clinit>> (0x00000000e20da8f8) thrown at [C:\src\AOSP-openjdk-git\hotspot\src\share\vm\prims\jni.cpp, line 1615]
Event: 2.737 Thread 0x000000001a134000 Exception <a 'java/lang/NoSuchMethodError': <clinit>> (0x00000000e2109fa8) thrown at [C:\src\AOSP-openjdk-git\hotspot\src\share\vm\prims\jni.cpp, line 1615]
Event: 2.744 Thread 0x000000001a134000 Exception <a 'java/lang/NoSuchMethodError': <clinit>> (0x00000000e2138570) thrown at [C:\src\AOSP-openjdk-git\hotspot\src\share\vm\prims\jni.cpp, line 1615]
Event: 2.745 Thread 0x000000001a134000 Exception <a 'java/lang/NoSuchMethodError': <clinit>> (0x00000000e21449e8) thrown at [C:\src\AOSP-openjdk-git\hotspot\src\share\vm\prims\jni.cpp, line 1615]
Event: 3.183 Thread 0x000000001a165800 Exception <a 'java/lang/NoSuchMethodError': java.lang.Object.lambda$and$0(Ljava/util/function/Predicate;Ljava/lang/Object;)Z> (0x00000000e0764030) thrown at [C:\src\AOSP-openjdk-git\hotspot\src\share\vm\interpreter\linkResolver.cpp, line 620]
Event: 3.192 Thread 0x000000001a165800 Exception <a 'java/lang/IncompatibleClassChangeError': Found class java.lang.Object, but interface was expected> (0x00000000e0774328) thrown at [C:\src\AOSP-openjdk-git\hotspot\src\share\vm\interpreter\linkResolver.cpp, line 653]
Event: 3.195 Thread 0x000000001a165800 Exception <a 'java/lang/NoSuchMethodError': java.lang.Object.lambda$or$2(Ljava/util/function/Predicate;Ljava/lang/Object;)Z> (0x00000000e0778e78) thrown at [C:\src\AOSP-openjdk-git\hotspot\src\share\vm\interpreter\linkResolver.cpp, line 620]
Event: 3.433 Thread 0x000000001a165800 Exception <a 'java/lang/NoSuchMethodError': java.lang.Object.lambda$static$0(Lorg/gradle/internal/state/ModelObject;)Ljava/lang/String;> (0x00000000e1ee96b8) thrown at [C:\src\AOSP-openjdk-git\hotspot\src\share\vm\interpreter\linkResolver.cpp, line 620]

Events (10 events):
Event: 3.636 loading class org/gradle/groovy/scripts/internal/BuildScriptDataSerializer
Event: 3.636 loading class org/gradle/groovy/scripts/internal/BuildScriptDataSerializer done
Event: 3.636 loading class org/gradle/configuration/ScriptPluginFactorySelector
Event: 3.636 loading class org/gradle/configuration/ScriptPluginFactorySelector done
Event: 3.636 loading class org/gradle/configuration/ScriptPluginFactorySelector$ProviderInstantiator
Event: 3.636 loading class org/gradle/configuration/ScriptPluginFactorySelector$ProviderInstantiator done
Event: 3.637 loading class org/gradle/configuration/ScriptPluginFactorySelector$1
Event: 3.637 loading class org/gradle/configuration/ScriptPluginFactorySelector$1 done
Event: 3.637 loading class org/gradle/api/internal/initialization/DefaultScriptClassPathResolver
Event: 3.637 loading class org/gradle/api/internal/initialization/DefaultScriptClassPathResolver done


Dynamic libraries:
0x00007ff62fd40000 - 0x00007ff62fd71000 	C:\Program Files\Android\Android Studio\jre\bin\java.exe
0x00007ff8fb690000 - 0x00007ff8fb885000 	C:\WINDOWS\SYSTEM32\ntdll.dll
0x00007ff8faf80000 - 0x00007ff8fb03d000 	C:\WINDOWS\System32\KERNEL32.DLL
0x00007ff8f8dd0000 - 0x00007ff8f9098000 	C:\WINDOWS\System32\KERNELBASE.dll
0x00007ff8fadf0000 - 0x00007ff8fae9c000 	C:\WINDOWS\System32\ADVAPI32.dll
0x00007ff8fa440000 - 0x00007ff8fa4de000 	C:\WINDOWS\System32\msvcrt.dll
0x00007ff8fa940000 - 0x00007ff8fa9db000 	C:\WINDOWS\System32\sechost.dll
0x00007ff8fab10000 - 0x00007ff8fac3b000 	C:\WINDOWS\System32\RPCRT4.dll
0x00007ff8fb040000 - 0x00007ff8fb1e0000 	C:\WINDOWS\System32\USER32.dll
0x00007ff8f95a0000 - 0x00007ff8f95c2000 	C:\WINDOWS\System32\win32u.dll
0x00007ff8faca0000 - 0x00007ff8facca000 	C:\WINDOWS\System32\GDI32.dll
0x00007ff8f9410000 - 0x00007ff8f951b000 	C:\WINDOWS\System32\gdi32full.dll
0x00007ff8f9650000 - 0x00007ff8f96ed000 	C:\WINDOWS\System32\msvcp_win.dll
0x00007ff8f9100000 - 0x00007ff8f9200000 	C:\WINDOWS\System32\ucrtbase.dll
0x00007ff8e6de0000 - 0x00007ff8e707a000 	C:\WINDOWS\WinSxS\amd64_microsoft.windows.common-controls_6595b64144ccf1df_6.0.19041.844_none_ca00b6081b84eb1d\COMCTL32.dll
0x00007ff8faae0000 - 0x00007ff8fab10000 	C:\WINDOWS\System32\IMM32.DLL
0x0000000052690000 - 0x0000000052762000 	C:\Program Files\Android\Android Studio\jre\jre\bin\msvcr100.dll
0x0000000052850000 - 0x000000005309b000 	C:\Program Files\Android\Android Studio\jre\jre\bin\server\jvm.dll
0x00007ff8fa430000 - 0x00007ff8fa438000 	C:\WINDOWS\System32\PSAPI.DLL
0x00007ff8e7520000 - 0x00007ff8e7547000 	C:\WINDOWS\SYSTEM32\WINMM.dll
0x00007ff8f34d0000 - 0x00007ff8f34da000 	C:\WINDOWS\SYSTEM32\VERSION.dll
0x00007ff8e36a0000 - 0x00007ff8e36a9000 	C:\WINDOWS\SYSTEM32\WSOCK32.dll
0x00007ff8fa850000 - 0x00007ff8fa8bb000 	C:\WINDOWS\System32\ws2_32.DLL
0x00007ff8ebdf0000 - 0x00007ff8ebdff000 	C:\Program Files\Android\Android Studio\jre\jre\bin\verify.dll
0x00007ff8e5000000 - 0x00007ff8e5029000 	C:\Program Files\Android\Android Studio\jre\jre\bin\java.dll
0x00007ff8e1e10000 - 0x00007ff8e1e26000 	C:\Program Files\Android\Android Studio\jre\jre\bin\zip.dll
0x00007ff8f9ce0000 - 0x00007ff8fa422000 	C:\WINDOWS\System32\SHELL32.dll
0x00007ff8f6f10000 - 0x00007ff8f76a1000 	C:\WINDOWS\SYSTEM32\windows.storage.dll
0x00007ff8f96f0000 - 0x00007ff8f9a45000 	C:\WINDOWS\System32\combase.dll
0x00007ff8f8770000 - 0x00007ff8f879c000 	C:\WINDOWS\SYSTEM32\Wldp.dll
0x00007ff8fa6f0000 - 0x00007ff8fa79e000 	C:\WINDOWS\System32\SHCORE.dll
0x00007ff8fac40000 - 0x00007ff8fac95000 	C:\WINDOWS\System32\shlwapi.dll
0x00007ff8f8d10000 - 0x00007ff8f8d2f000 	C:\WINDOWS\SYSTEM32\profapi.dll
0x00007ff8d9a00000 - 0x00007ff8d9a1a000 	C:\Program Files\Android\Android Studio\jre\jre\bin\net.dll
0x00007ff8f84e0000 - 0x00007ff8f854a000 	C:\WINDOWS\system32\mswsock.dll
0x00007ff8d5470000 - 0x00007ff8d5483000 	C:\Program Files\Android\Android Studio\jre\jre\bin\nio.dll
0x00007ff8d4de0000 - 0x00007ff8d4e07000 	C:\Users\Mokua\.gradle\native\f6784746aeab05261644944871eae4fe03e0ef1612fff0a4a95f87b438bc6780\windows-amd64\native-platform.dll
0x00007ff8e76d0000 - 0x00007ff8e76dd000 	C:\Program Files\Android\Android Studio\jre\jre\bin\management.dll
0x00007ff8f86c0000 - 0x00007ff8f86d8000 	C:\WINDOWS\SYSTEM32\CRYPTSP.dll
0x00007ff8f7e80000 - 0x00007ff8f7eb4000 	C:\WINDOWS\system32\rsaenh.dll
0x00007ff8f9520000 - 0x00007ff8f9547000 	C:\WINDOWS\System32\bcrypt.dll
0x00007ff8f8cd0000 - 0x00007ff8f8cfe000 	C:\WINDOWS\SYSTEM32\USERENV.dll
0x00007ff8f95d0000 - 0x00007ff8f9650000 	C:\WINDOWS\System32\bcryptprimitives.dll
0x00007ff8f86b0000 - 0x00007ff8f86bc000 	C:\WINDOWS\SYSTEM32\CRYPTBASE.dll
0x00007ff8f81d0000 - 0x00007ff8f820b000 	C:\WINDOWS\SYSTEM32\IPHLPAPI.DLL
0x00007ff8faad0000 - 0x00007ff8faad8000 	C:\WINDOWS\System32\NSI.dll
0x00007ff8eb6a0000 - 0x00007ff8eb6b7000 	C:\WINDOWS\SYSTEM32\dhcpcsvc6.DLL
0x00007ff8eb680000 - 0x00007ff8eb69d000 	C:\WINDOWS\SYSTEM32\dhcpcsvc.DLL
0x00007ff8f8210000 - 0x00007ff8f82dc000 	C:\WINDOWS\SYSTEM32\DNSAPI.dll
0x00007ff8ebbd0000 - 0x00007ff8ebbdb000 	C:\WINDOWS\SYSTEM32\WINNSI.DLL

VM Arguments:
jvm_args: -Xmx1536m -Dfile.encoding=windows-1252 -Duser.country=US -Duser.language=en -Duser.variant 
java_command: org.gradle.launcher.daemon.bootstrap.GradleDaemon 6.5
java_class_path (initial): C:\Users\Mokua\.gradle\wrapper\dists\gradle-6.5-bin\6nifqtx7604sqp1q6g8wikw7p\gradle-6.5\lib\gradle-launcher-6.5.jar
Launcher Type: SUN_STANDARD

Environment Variables:
PATH=C:\Program Files (x86)\VMware\VMware Player\bin\;C:\Program Files\Java\jdk-13\bin;C:\Program Files (x86)\PC Connectivity Solution\;C:\Program Files (x86)\Common Files\Oracle\Java\javapath;C:\WINDOWS\system32;C:\WINDOWS;C:\WINDOWS\System32\Wbem;C:\WINDOWS\System32\WindowsPowerShell\v1.0\;C:\WINDOWS\System32\OpenSSH\;C:\Program Files\nodejs\;C:\Program Files\Git\cmd;C:\Program Files\Amazon\AWSCLIV2\;C:\Users\Mokua\AppData\Local\Programs\Python\Python38-32\Scripts\;C:\Users\Mokua\AppData\Local\Programs\Python\Python38-32\;C:\Users\Mokua\Desktop\Scripts\;C:\Users\Mokua\Desktop\;C:\Users\Mokua\AppData\Local\Microsoft\WindowsApps;C:\Users\Mokua\AppData\Local\Programs\Microsoft VS Code\bin;C:\Users\Mokua\AppData\Roaming\npm;C:\Program Files\MongoDB\Server\4.4\bin;C:\Users\Mokua\AppData\Local\GitHubDesktop\bin;
USERNAME=Mokua
OS=Windows_NT
PROCESSOR_IDENTIFIER=Intel64 Family 6 Model 142 Stepping 9, GenuineIntel



---------------  S Y S T E M  ---------------

OS: Windows 10.0 , 64 bit Build 19041 (10.0.19041.928)

CPU:total 4 (initial active 4) (2 cores per cpu, 2 threads per core) family 6 model 142 stepping 9, cmov, cx8, fxsr, mmx, sse, sse2, sse3, ssse3, sse4.1, sse4.2, popcnt, avx, avx2, aes, clmul, erms, 3dnowpref, lzcnt, ht, tsc, tscinvbit, bmi1, bmi2, adx

Memory: 4k page, physical 8251548k(1439640k free), swap 10200220k(5140k free)

vm_info: OpenJDK 64-Bit Server VM (25.242-b01) for windows-amd64 JRE (1.8.0_242-release-1644-b01), built by "builder" with MS VC++ 10.0 (VS2010)

time: Tue May 04 23:19:07 2021
timezone: Mauritius Standard Time
elapsed time: 3 seconds (0d 0h 0m 3s)

